{"\/var\/www\/html\/assos-symfony\/src\/User.php":{"path":"\/var\/www\/html\/assos-symfony\/src\/User.php","s":{"1":4,"2":0,"3":0,"4":0,"5":4,"6":4,"7":4,"8":4,"9":4,"10":4,"11":4,"12":4,"13":0,"14":4,"15":0,"16":4,"17":0,"18":4,"19":0,"20":4,"21":0},"f":{"1":4,"2":0,"3":4,"4":4,"5":4,"6":4,"7":4,"8":4,"9":4,"10":4,"11":0,"12":4,"13":4,"14":4,"15":4},"b":[],"statementMap":{"1":{"start":{"line":20,"column":0},"end":{"line":20,"column":30}},"2":{"start":{"line":25,"column":0},"end":{"line":25,"column":2}},"3":{"start":{"line":29,"column":0},"end":{"line":29,"column":15}},"4":{"start":{"line":35,"column":0},"end":{"line":35,"column":31}},"5":{"start":{"line":40,"column":0},"end":{"line":40,"column":21}},"6":{"start":{"line":41,"column":0},"end":{"line":41,"column":20}},"7":{"start":{"line":42,"column":0},"end":{"line":42,"column":22}},"8":{"start":{"line":43,"column":0},"end":{"line":43,"column":21}},"9":{"start":{"line":44,"column":0},"end":{"line":44,"column":20}},"10":{"start":{"line":45,"column":0},"end":{"line":45,"column":20}},"11":{"start":{"line":47,"column":0},"end":{"line":47,"column":30}},"12":{"start":{"line":48,"column":0},"end":{"line":48,"column":26}},"13":{"start":{"line":49,"column":0},"end":{"line":49,"column":30}},"14":{"start":{"line":52,"column":0},"end":{"line":52,"column":30}},"15":{"start":{"line":54,"column":0},"end":{"line":54,"column":5}},"16":{"start":{"line":59,"column":0},"end":{"line":59,"column":30}},"17":{"start":{"line":61,"column":0},"end":{"line":61,"column":5}},"18":{"start":{"line":67,"column":0},"end":{"line":67,"column":28}},"19":{"start":{"line":69,"column":0},"end":{"line":69,"column":5}},"20":{"start":{"line":74,"column":0},"end":{"line":74,"column":28}},"21":{"start":{"line":76,"column":0},"end":{"line":76,"column":5}}},"fnMap":{"1":{"name":"__construct","line":18,"loc":{"start":{"line":18,"column":0},"end":{"line":21,"column":false}}},"2":{"name":"hydrate","line":23,"loc":{"start":{"line":23,"column":0},"end":{"line":38,"column":false}}},"3":{"name":"getAdmin","line":40,"loc":{"start":{"line":40,"column":0},"end":{"line":40,"column":false}}},"4":{"name":"getType","line":41,"loc":{"start":{"line":41,"column":0},"end":{"line":41,"column":false}}},"5":{"name":"getStatus","line":42,"loc":{"start":{"line":42,"column":0},"end":{"line":42,"column":false}}},"6":{"name":"getPhone","line":43,"loc":{"start":{"line":43,"column":0},"end":{"line":43,"column":false}}},"7":{"name":"getName","line":44,"loc":{"start":{"line":44,"column":0},"end":{"line":44,"column":false}}},"8":{"name":"getMail","line":45,"loc":{"start":{"line":45,"column":0},"end":{"line":45,"column":false}}},"9":{"name":"setStatus","line":47,"loc":{"start":{"line":47,"column":0},"end":{"line":47,"column":false}}},"10":{"name":"setType","line":48,"loc":{"start":{"line":48,"column":0},"end":{"line":48,"column":false}}},"11":{"name":"setIdType","line":49,"loc":{"start":{"line":49,"column":0},"end":{"line":49,"column":false}}},"12":{"name":"setPhone","line":50,"loc":{"start":{"line":50,"column":0},"end":{"line":56,"column":false}}},"13":{"name":"setAdmin","line":57,"loc":{"start":{"line":57,"column":0},"end":{"line":63,"column":false}}},"14":{"name":"setName","line":64,"loc":{"start":{"line":64,"column":0},"end":{"line":71,"column":false}}},"15":{"name":"setMail","line":72,"loc":{"start":{"line":72,"column":0},"end":{"line":78,"column":false}}}},"branchMap":[]},"\/var\/www\/html\/assos-symfony\/src\/Developer.php":{"path":"\/var\/www\/html\/assos-symfony\/src\/Developer.php","s":{"1":0,"2":0,"3":4,"4":4,"5":4,"6":4,"7":4,"8":4,"9":4,"10":4,"11":4,"12":4,"13":4,"14":0,"15":4,"16":4,"17":4,"18":4,"19":4,"20":4,"21":4,"22":4,"23":4,"24":4,"25":2,"26":0,"27":4,"28":2,"29":4,"30":2,"31":4,"32":2},"f":{"1":4,"2":4,"3":4,"4":4,"5":4,"6":4,"7":4,"8":4,"9":4,"10":0,"11":4,"12":4,"13":4,"14":4,"15":4,"16":4,"17":4,"18":4,"19":4,"20":4,"21":0,"22":4,"23":4,"24":4},"b":[],"statementMap":{"1":{"start":{"line":7,"column":0},"end":{"line":7,"column":2}},"2":{"start":{"line":8,"column":0},"end":{"line":8,"column":2}},"3":{"start":{"line":26,"column":0},"end":{"line":26,"column":33}},"4":{"start":{"line":27,"column":0},"end":{"line":27,"column":28}},"5":{"start":{"line":35,"column":0},"end":{"line":35,"column":15}},"6":{"start":{"line":40,"column":0},"end":{"line":40,"column":31}},"7":{"start":{"line":45,"column":0},"end":{"line":45,"column":18}},"8":{"start":{"line":46,"column":0},"end":{"line":46,"column":25}},"9":{"start":{"line":47,"column":0},"end":{"line":47,"column":30}},"10":{"start":{"line":48,"column":0},"end":{"line":48,"column":24}},"11":{"start":{"line":49,"column":0},"end":{"line":49,"column":32}},"12":{"start":{"line":50,"column":0},"end":{"line":50,"column":25}},"13":{"start":{"line":51,"column":0},"end":{"line":51,"column":25}},"14":{"start":{"line":52,"column":0},"end":{"line":52,"column":25}},"15":{"start":{"line":54,"column":0},"end":{"line":54,"column":27}},"16":{"start":{"line":55,"column":0},"end":{"line":55,"column":26}},"17":{"start":{"line":56,"column":0},"end":{"line":56,"column":25}},"18":{"start":{"line":57,"column":0},"end":{"line":57,"column":26}},"19":{"start":{"line":58,"column":0},"end":{"line":58,"column":25}},"20":{"start":{"line":59,"column":0},"end":{"line":59,"column":25}},"21":{"start":{"line":61,"column":0},"end":{"line":61,"column":22}},"22":{"start":{"line":62,"column":0},"end":{"line":62,"column":35}},"23":{"start":{"line":63,"column":0},"end":{"line":63,"column":51}},"24":{"start":{"line":68,"column":0},"end":{"line":68,"column":38}},"25":{"start":{"line":70,"column":0},"end":{"line":70,"column":5}},"26":{"start":{"line":74,"column":0},"end":{"line":74,"column":35}},"27":{"start":{"line":79,"column":0},"end":{"line":79,"column":48}},"28":{"start":{"line":81,"column":0},"end":{"line":81,"column":5}},"29":{"start":{"line":88,"column":0},"end":{"line":88,"column":37}},"30":{"start":{"line":90,"column":0},"end":{"line":90,"column":5}},"31":{"start":{"line":96,"column":0},"end":{"line":96,"column":38}},"32":{"start":{"line":98,"column":0},"end":{"line":98,"column":5}}},"fnMap":{"1":{"name":"__construct","line":24,"loc":{"start":{"line":24,"column":0},"end":{"line":28,"column":false}}},"2":{"name":"hydrate","line":30,"loc":{"start":{"line":30,"column":0},"end":{"line":43,"column":false}}},"3":{"name":"getIds","line":45,"loc":{"start":{"line":45,"column":0},"end":{"line":45,"column":false}}},"4":{"name":"getTechnoUse","line":46,"loc":{"start":{"line":46,"column":0},"end":{"line":46,"column":false}}},"5":{"name":"getTechnoInterest","line":47,"loc":{"start":{"line":47,"column":0},"end":{"line":47,"column":false}}},"6":{"name":"getIsMentor","line":48,"loc":{"start":{"line":48,"column":0},"end":{"line":48,"column":false}}},"7":{"name":"getIsMentorInterest","line":49,"loc":{"start":{"line":49,"column":0},"end":{"line":49,"column":false}}},"8":{"name":"getPortfolio","line":50,"loc":{"start":{"line":50,"column":0},"end":{"line":50,"column":false}}},"9":{"name":"getInterests","line":51,"loc":{"start":{"line":51,"column":0},"end":{"line":51,"column":false}}},"10":{"name":"getMsgError","line":52,"loc":{"start":{"line":52,"column":0},"end":{"line":52,"column":false}}},"11":{"name":"getStatusParent","line":54,"loc":{"start":{"line":54,"column":0},"end":{"line":54,"column":false}}},"12":{"name":"getAdminParent","line":55,"loc":{"start":{"line":55,"column":0},"end":{"line":55,"column":false}}},"13":{"name":"getTypeParent","line":56,"loc":{"start":{"line":56,"column":0},"end":{"line":56,"column":false}}},"14":{"name":"getPhoneParent","line":57,"loc":{"start":{"line":57,"column":0},"end":{"line":57,"column":false}}},"15":{"name":"getNameParent","line":58,"loc":{"start":{"line":58,"column":0},"end":{"line":58,"column":false}}},"16":{"name":"getMailParent","line":59,"loc":{"start":{"line":59,"column":0},"end":{"line":59,"column":false}}},"17":{"name":"setId","line":61,"loc":{"start":{"line":61,"column":0},"end":{"line":61,"column":false}}},"18":{"name":"setIsMentor","line":62,"loc":{"start":{"line":62,"column":0},"end":{"line":62,"column":false}}},"19":{"name":"setIsMentorInterest","line":63,"loc":{"start":{"line":63,"column":0},"end":{"line":63,"column":false}}},"20":{"name":"setTechnoUse","line":65,"loc":{"start":{"line":65,"column":0},"end":{"line":72,"column":false}}},"21":{"name":"setMsgError","line":73,"loc":{"start":{"line":73,"column":0},"end":{"line":75,"column":false}}},"22":{"name":"setTechnoInterest","line":76,"loc":{"start":{"line":76,"column":0},"end":{"line":83,"column":false}}},"23":{"name":"setInterests","line":85,"loc":{"start":{"line":85,"column":0},"end":{"line":92,"column":false}}},"24":{"name":"setPortfolio","line":93,"loc":{"start":{"line":93,"column":0},"end":{"line":100,"column":false}}}},"branchMap":[]},"\/var\/www\/html\/assos-symfony\/src\/faker.php":{"path":"\/var\/www\/html\/assos-symfony\/src\/faker.php","s":{"1":0},"f":[],"b":[],"statementMap":{"1":{"start":{"line":2,"column":0},"end":{"line":2,"column":1}}},"fnMap":[],"branchMap":[]},"\/var\/www\/html\/assos-symfony\/src\/Stack.php":{"path":"\/var\/www\/html\/assos-symfony\/src\/Stack.php","s":{"1":2,"2":2,"3":2,"4":2,"5":2,"6":0,"7":0,"8":2,"9":0,"10":2,"11":0,"12":2,"13":0},"f":{"1":2,"2":2,"3":2,"4":0,"5":0,"6":2,"7":2,"8":2},"b":[],"statementMap":{"1":{"start":{"line":12,"column":0},"end":{"line":12,"column":30}},"2":{"start":{"line":21,"column":0},"end":{"line":21,"column":25}},"3":{"start":{"line":25,"column":0},"end":{"line":25,"column":15}},"4":{"start":{"line":30,"column":0},"end":{"line":30,"column":31}},"5":{"start":{"line":35,"column":0},"end":{"line":35,"column":19}},"6":{"start":{"line":36,"column":0},"end":{"line":36,"column":20}},"7":{"start":{"line":37,"column":0},"end":{"line":37,"column":21}},"8":{"start":{"line":41,"column":0},"end":{"line":41,"column":26}},"9":{"start":{"line":43,"column":0},"end":{"line":43,"column":5}},"10":{"start":{"line":48,"column":0},"end":{"line":48,"column":28}},"11":{"start":{"line":50,"column":0},"end":{"line":50,"column":5}},"12":{"start":{"line":55,"column":0},"end":{"line":55,"column":30}},"13":{"start":{"line":57,"column":0},"end":{"line":57,"column":5}}},"fnMap":{"1":{"name":"__construct","line":10,"loc":{"start":{"line":10,"column":0},"end":{"line":13,"column":false}}},"2":{"name":"hydrate","line":15,"loc":{"start":{"line":15,"column":0},"end":{"line":33,"column":false}}},"3":{"name":"getMsg","line":35,"loc":{"start":{"line":35,"column":0},"end":{"line":35,"column":false}}},"4":{"name":"getFile","line":36,"loc":{"start":{"line":36,"column":0},"end":{"line":36,"column":false}}},"5":{"name":"getStack","line":37,"loc":{"start":{"line":37,"column":0},"end":{"line":37,"column":false}}},"6":{"name":"setMsg","line":39,"loc":{"start":{"line":39,"column":0},"end":{"line":45,"column":false}}},"7":{"name":"setFile","line":46,"loc":{"start":{"line":46,"column":0},"end":{"line":52,"column":false}}},"8":{"name":"setStack","line":53,"loc":{"start":{"line":53,"column":0},"end":{"line":59,"column":false}}}},"branchMap":[]},"\/var\/www\/html\/assos-symfony\/src\/managers\/DeveloperManager.php":{"path":"\/var\/www\/html\/assos-symfony\/src\/managers\/DeveloperManager.php","s":{"1":0,"2":2,"3":2,"4":2,"5":2,"6":2,"7":2,"8":2,"9":2,"10":2,"11":2,"12":2,"13":2,"14":2,"15":2,"16":2,"17":2,"18":2,"19":2,"20":2,"21":0,"22":0,"23":2,"24":2,"25":2,"26":2,"27":2,"28":2,"29":2,"30":2,"31":2,"32":2,"33":2,"34":2,"35":2,"36":2,"37":2,"38":2,"39":2,"40":2,"41":2,"42":2,"43":2,"44":2,"45":2,"46":2,"47":2,"48":2},"f":{"1":2,"2":2,"3":2,"4":2,"5":2,"6":2,"7":2},"b":[],"statementMap":{"1":{"start":{"line":5,"column":0},"end":{"line":5,"column":2}},"2":{"start":{"line":14,"column":0},"end":{"line":14,"column":23}},"3":{"start":{"line":19,"column":0},"end":{"line":19,"column":17}},"4":{"start":{"line":22,"column":0},"end":{"line":22,"column":2}},"5":{"start":{"line":23,"column":0},"end":{"line":23,"column":46}},"6":{"start":{"line":24,"column":0},"end":{"line":24,"column":51}},"7":{"start":{"line":25,"column":0},"end":{"line":25,"column":46}},"8":{"start":{"line":26,"column":0},"end":{"line":26,"column":54}},"9":{"start":{"line":27,"column":0},"end":{"line":27,"column":46}},"10":{"start":{"line":28,"column":0},"end":{"line":28,"column":46}},"11":{"start":{"line":29,"column":0},"end":{"line":29,"column":21}},"12":{"start":{"line":30,"column":0},"end":{"line":30,"column":2}},"13":{"start":{"line":31,"column":0},"end":{"line":31,"column":48}},"14":{"start":{"line":32,"column":0},"end":{"line":32,"column":49}},"15":{"start":{"line":33,"column":0},"end":{"line":33,"column":48}},"16":{"start":{"line":34,"column":0},"end":{"line":34,"column":48}},"17":{"start":{"line":35,"column":0},"end":{"line":35,"column":46}},"18":{"start":{"line":36,"column":0},"end":{"line":36,"column":49}},"19":{"start":{"line":37,"column":0},"end":{"line":37,"column":49}},"20":{"start":{"line":38,"column":0},"end":{"line":38,"column":21}},"21":{"start":{"line":41,"column":0},"end":{"line":41,"column":19}},"22":{"start":{"line":44,"column":0},"end":{"line":44,"column":2}},"23":{"start":{"line":50,"column":0},"end":{"line":50,"column":18}},"24":{"start":{"line":51,"column":0},"end":{"line":51,"column":18}},"25":{"start":{"line":56,"column":0},"end":{"line":56,"column":21}},"26":{"start":{"line":57,"column":0},"end":{"line":57,"column":6}},"27":{"start":{"line":58,"column":0},"end":{"line":58,"column":44}},"28":{"start":{"line":59,"column":0},"end":{"line":59,"column":36}},"29":{"start":{"line":64,"column":0},"end":{"line":64,"column":17}},"30":{"start":{"line":66,"column":0},"end":{"line":66,"column":2}},"31":{"start":{"line":70,"column":0},"end":{"line":70,"column":42}},"32":{"start":{"line":73,"column":0},"end":{"line":73,"column":20}},"33":{"start":{"line":78,"column":0},"end":{"line":78,"column":2}},"34":{"start":{"line":79,"column":0},"end":{"line":79,"column":41}},"35":{"start":{"line":80,"column":0},"end":{"line":80,"column":46}},"36":{"start":{"line":81,"column":0},"end":{"line":81,"column":41}},"37":{"start":{"line":82,"column":0},"end":{"line":82,"column":49}},"38":{"start":{"line":83,"column":0},"end":{"line":83,"column":41}},"39":{"start":{"line":84,"column":0},"end":{"line":84,"column":41}},"40":{"start":{"line":85,"column":0},"end":{"line":85,"column":35}},"41":{"start":{"line":86,"column":0},"end":{"line":86,"column":19}},"42":{"start":{"line":88,"column":0},"end":{"line":88,"column":2}},"43":{"start":{"line":89,"column":0},"end":{"line":89,"column":42}},"44":{"start":{"line":90,"column":0},"end":{"line":90,"column":43}},"45":{"start":{"line":91,"column":0},"end":{"line":91,"column":42}},"46":{"start":{"line":92,"column":0},"end":{"line":92,"column":35}},"47":{"start":{"line":93,"column":0},"end":{"line":93,"column":19}},"48":{"start":{"line":98,"column":0},"end":{"line":98,"column":22}}},"fnMap":{"1":{"name":"__construct","line":12,"loc":{"start":{"line":12,"column":0},"end":{"line":15,"column":false}}},"2":{"name":"add","line":17,"loc":{"start":{"line":17,"column":0},"end":{"line":46,"column":false}}},"3":{"name":"delete","line":48,"loc":{"start":{"line":48,"column":0},"end":{"line":52,"column":false}}},"4":{"name":"get","line":54,"loc":{"start":{"line":54,"column":0},"end":{"line":60,"column":false}}},"5":{"name":"getList","line":62,"loc":{"start":{"line":62,"column":0},"end":{"line":74,"column":false}}},"6":{"name":"update","line":76,"loc":{"start":{"line":76,"column":0},"end":{"line":94,"column":false}}},"7":{"name":"setDb","line":96,"loc":{"start":{"line":96,"column":0},"end":{"line":99,"column":false}}}},"branchMap":[]},"\/var\/www\/html\/assos-symfony\/src\/Exceptions.php":{"path":"\/var\/www\/html\/assos-symfony\/src\/Exceptions.php","s":{"1":0,"2":0,"3":0,"4":0},"f":{"1":0,"2":0,"3":0,"4":0},"b":[],"statementMap":{"1":{"start":{"line":10,"column":0},"end":{"line":10,"column":35}},"2":{"start":{"line":18,"column":0},"end":{"line":18,"column":35}},"3":{"start":{"line":25,"column":0},"end":{"line":25,"column":35}},"4":{"start":{"line":33,"column":0},"end":{"line":33,"column":35}}},"fnMap":{"1":{"name":"getMessages","line":9,"loc":{"start":{"line":9,"column":0},"end":{"line":11,"column":false}}},"2":{"name":"getMessages","line":17,"loc":{"start":{"line":17,"column":0},"end":{"line":19,"column":false}}},"3":{"name":"getMessages","line":24,"loc":{"start":{"line":24,"column":0},"end":{"line":26,"column":false}}},"4":{"name":"getMessages","line":32,"loc":{"start":{"line":32,"column":0},"end":{"line":34,"column":false}}}},"branchMap":[]}}