TN:
SF:/var/www/html/assos-symfony/src/User.php
FN:18,__construct
FN:23,hydrate
FN:40,getAdmin
FN:41,getType
FN:42,getStatus
FN:43,getPhone
FN:44,getName
FN:45,getMail
FN:47,setStatus
FN:48,setType
FN:49,setIdType
FN:50,setPhone
FN:57,setAdmin
FN:64,setName
FN:72,setMail
FNF:15
FNH:13
FNDA:4,__construct
FNDA:0,hydrate
FNDA:4,getAdmin
FNDA:4,getType
FNDA:4,getStatus
FNDA:4,getPhone
FNDA:4,getName
FNDA:4,getMail
FNDA:4,setStatus
FNDA:4,setType
FNDA:0,setIdType
FNDA:4,setPhone
FNDA:4,setAdmin
FNDA:4,setName
FNDA:4,setMail
DA:20,4
DA:25,0
DA:29,0
DA:35,0
DA:40,4
DA:41,4
DA:42,4
DA:43,4
DA:44,4
DA:45,4
DA:47,4
DA:48,4
DA:49,0
DA:52,4
DA:54,0
DA:59,4
DA:61,0
DA:67,4
DA:69,0
DA:74,4
DA:76,0
LF:21
LH:13
BRF:0
BRH:0
end_of_record
TN:
SF:/var/www/html/assos-symfony/src/Developer.php
FN:24,__construct
FN:30,hydrate
FN:45,getIds
FN:46,getTechnoUse
FN:47,getTechnoInterest
FN:48,getIsMentor
FN:49,getIsMentorInterest
FN:50,getPortfolio
FN:51,getInterests
FN:52,getMsgError
FN:54,getStatusParent
FN:55,getAdminParent
FN:56,getTypeParent
FN:57,getPhoneParent
FN:58,getNameParent
FN:59,getMailParent
FN:61,setId
FN:62,setIsMentor
FN:63,setIsMentorInterest
FN:65,setTechnoUse
FN:73,setMsgError
FN:76,setTechnoInterest
FN:85,setInterests
FN:93,setPortfolio
FNF:24
FNH:22
FNDA:4,__construct
FNDA:4,hydrate
FNDA:4,getIds
FNDA:4,getTechnoUse
FNDA:4,getTechnoInterest
FNDA:4,getIsMentor
FNDA:4,getIsMentorInterest
FNDA:4,getPortfolio
FNDA:4,getInterests
FNDA:0,getMsgError
FNDA:4,getStatusParent
FNDA:4,getAdminParent
FNDA:4,getTypeParent
FNDA:4,getPhoneParent
FNDA:4,getNameParent
FNDA:4,getMailParent
FNDA:4,setId
FNDA:4,setIsMentor
FNDA:4,setIsMentorInterest
FNDA:4,setTechnoUse
FNDA:0,setMsgError
FNDA:4,setTechnoInterest
FNDA:4,setInterests
FNDA:4,setPortfolio
DA:7,0
DA:8,0
DA:26,4
DA:27,4
DA:35,4
DA:40,4
DA:45,4
DA:46,4
DA:47,4
DA:48,4
DA:49,4
DA:50,4
DA:51,4
DA:52,0
DA:54,4
DA:55,4
DA:56,4
DA:57,4
DA:58,4
DA:59,4
DA:61,4
DA:62,4
DA:63,4
DA:68,4
DA:70,2
DA:74,0
DA:79,4
DA:81,2
DA:88,4
DA:90,2
DA:96,4
DA:98,2
LF:32
LH:28
BRF:0
BRH:0
end_of_record
TN:
SF:/var/www/html/assos-symfony/src/faker.php
FNF:0
FNH:0
DA:2,0
LF:1
LH:0
BRF:0
BRH:0
end_of_record
TN:
SF:/var/www/html/assos-symfony/src/Stack.php
FN:10,__construct
FN:15,hydrate
FN:35,getMsg
FN:36,getFile
FN:37,getStack
FN:39,setMsg
FN:46,setFile
FN:53,setStack
FNF:8
FNH:6
FNDA:2,__construct
FNDA:2,hydrate
FNDA:2,getMsg
FNDA:0,getFile
FNDA:0,getStack
FNDA:2,setMsg
FNDA:2,setFile
FNDA:2,setStack
DA:12,2
DA:21,2
DA:25,2
DA:30,2
DA:35,2
DA:36,0
DA:37,0
DA:41,2
DA:43,0
DA:48,2
DA:50,0
DA:55,2
DA:57,0
LF:13
LH:8
BRF:0
BRH:0
end_of_record
TN:
SF:/var/www/html/assos-symfony/src/managers/DeveloperManager.php
FN:12,__construct
FN:17,add
FN:48,delete
FN:54,get
FN:62,getList
FN:76,update
FN:96,setDb
FNF:7
FNH:7
FNDA:2,__construct
FNDA:2,add
FNDA:2,delete
FNDA:2,get
FNDA:2,getList
FNDA:2,update
FNDA:2,setDb
DA:5,0
DA:14,2
DA:19,2
DA:22,2
DA:23,2
DA:24,2
DA:25,2
DA:26,2
DA:27,2
DA:28,2
DA:29,2
DA:30,2
DA:31,2
DA:32,2
DA:33,2
DA:34,2
DA:35,2
DA:36,2
DA:37,2
DA:38,2
DA:41,0
DA:44,0
DA:50,2
DA:51,2
DA:56,2
DA:57,2
DA:58,2
DA:59,2
DA:64,2
DA:66,2
DA:70,2
DA:73,2
DA:78,2
DA:79,2
DA:80,2
DA:81,2
DA:82,2
DA:83,2
DA:84,2
DA:85,2
DA:86,2
DA:88,2
DA:89,2
DA:90,2
DA:91,2
DA:92,2
DA:93,2
DA:98,2
LF:48
LH:45
BRF:0
BRH:0
end_of_record
TN:
SF:/var/www/html/assos-symfony/src/Exceptions.php
FN:9,getMessages
FN:17,getMessages
FN:24,getMessages
FN:32,getMessages
FNF:4
FNH:0
FNDA:0,getMessages
FNDA:0,getMessages
FNDA:0,getMessages
FNDA:0,getMessages
DA:10,0
DA:18,0
DA:25,0
DA:33,0
LF:4
LH:0
BRF:0
BRH:0
end_of_record
