TN:
SF:/var/www/html/assos-symfony/src/User.php
FN:18,__construct
FN:23,hydrate
FN:40,getAdmin
FN:41,getType
FN:42,getStatus
FN:43,getPhone
FN:44,getName
FN:45,getMail
FN:47,setStatus
FN:48,setType
FN:49,setIdType
FN:50,setPhone
FN:57,setAdmin
FN:64,setName
FN:72,setMail
FNF:15
FNH:13
FNDA:4,__construct
FNDA:0,hydrate
FNDA:2,getAdmin
FNDA:2,getType
FNDA:2,getStatus
FNDA:2,getPhone
FNDA:2,getName
FNDA:2,getMail
FNDA:2,setStatus
FNDA:2,setType
FNDA:0,setIdType
FNDA:2,setPhone
FNDA:2,setAdmin
FNDA:2,setName
FNDA:2,setMail
DA:20,4
DA:25,0
DA:29,0
DA:35,0
DA:40,2
DA:41,2
DA:42,2
DA:43,2
DA:44,2
DA:45,2
DA:47,2
DA:48,2
DA:49,0
DA:52,2
DA:54,0
DA:59,2
DA:61,0
DA:67,2
DA:69,0
DA:74,2
DA:76,0
LF:21
LH:13
BRF:0
BRH:0
end_of_record
TN:
SF:/var/www/html/assos-symfony/src/Developer.php
FN:24,__construct
FN:30,hydrate
FN:45,getIds
FN:46,getTechnoUse
FN:47,getTechnoInterest
FN:48,getIsMentor
FN:49,getIsMentorInterest
FN:50,getPortfolio
FN:51,getInterests
FN:52,getMsgError
FN:54,getStatusParent
FN:55,getAdminParent
FN:56,getTypeParent
FN:57,getPhoneParent
FN:58,getNameParent
FN:59,getMailParent
FN:61,setId
FN:62,setIsMentor
FN:63,setIsMentorInterest
FN:65,setTechnoUse
FN:73,setMsgError
FN:76,setTechnoInterest
FN:85,setInterests
FN:93,setPortfolio
FNF:24
FNH:22
FNDA:4,__construct
FNDA:4,hydrate
FNDA:2,getIds
FNDA:2,getTechnoUse
FNDA:2,getTechnoInterest
FNDA:2,getIsMentor
FNDA:2,getIsMentorInterest
FNDA:2,getPortfolio
FNDA:2,getInterests
FNDA:0,getMsgError
FNDA:2,getStatusParent
FNDA:2,getAdminParent
FNDA:2,getTypeParent
FNDA:2,getPhoneParent
FNDA:2,getNameParent
FNDA:2,getMailParent
FNDA:2,setId
FNDA:2,setIsMentor
FNDA:2,setIsMentorInterest
FNDA:4,setTechnoUse
FNDA:0,setMsgError
FNDA:2,setTechnoInterest
FNDA:2,setInterests
FNDA:2,setPortfolio
DA:7,0
DA:8,0
DA:26,4
DA:27,2
DA:35,4
DA:40,4
DA:45,2
DA:46,2
DA:47,2
DA:48,2
DA:49,2
DA:50,2
DA:51,2
DA:52,0
DA:54,2
DA:55,2
DA:56,2
DA:57,2
DA:58,2
DA:59,2
DA:61,2
DA:62,2
DA:63,2
DA:68,2
DA:70,4
DA:74,0
DA:79,2
DA:81,2
DA:88,2
DA:90,2
DA:96,2
DA:98,2
LF:32
LH:28
BRF:0
BRH:0
end_of_record
TN:
SF:/var/www/html/assos-symfony/src/faker.php
FNF:0
FNH:0
DA:2,0
LF:1
LH:0
BRF:0
BRH:0
end_of_record
TN:
SF:/var/www/html/assos-symfony/src/Stack.php
FN:10,__construct
FN:15,hydrate
FN:35,getMsg
FN:36,getFile
FN:37,getStack
FN:39,setMsg
FN:46,setFile
FN:53,setStack
FNF:8
FNH:8
FNDA:2,__construct
FNDA:2,hydrate
FNDA:2,getMsg
FNDA:2,getFile
FNDA:2,getStack
FNDA:2,setMsg
FNDA:2,setFile
FNDA:2,setStack
DA:12,2
DA:21,2
DA:25,2
DA:30,2
DA:35,2
DA:36,2
DA:37,2
DA:41,2
DA:43,0
DA:48,2
DA:50,0
DA:55,2
DA:57,0
LF:13
LH:10
BRF:0
BRH:0
end_of_record
TN:
SF:/var/www/html/assos-symfony/src/managers/AssosManager.php
FN:15,__construct
FN:20,add
FN:40,delete
FN:45,get
FN:55,getList
FN:69,update
FN:80,setDb
FNF:7
FNH:0
FNDA:0,__construct
FNDA:0,add
FNDA:0,delete
FNDA:0,get
FNDA:0,getList
FNDA:0,update
FNDA:0,setDb
DA:8,0
DA:17,0
DA:23,0
DA:24,0
DA:25,0
DA:26,0
DA:27,0
DA:28,0
DA:29,0
DA:30,0
DA:31,0
DA:32,0
DA:33,0
DA:34,0
DA:35,0
DA:36,0
DA:37,0
DA:42,0
DA:47,0
DA:49,0
DA:50,0
DA:52,0
DA:57,0
DA:59,0
DA:63,0
DA:66,0
DA:71,0
DA:73,0
DA:74,0
DA:75,0
DA:76,0
DA:77,0
DA:82,0
LF:33
LH:0
BRF:0
BRH:0
end_of_record
TN:
SF:/var/www/html/assos-symfony/src/managers/DeveloperManager.php
FN:12,__construct
FN:17,add
FN:48,delete
FN:53,get
FN:63,getList
FN:77,update
FN:88,setDb
FNF:7
FNH:0
FNDA:0,__construct
FNDA:0,add
FNDA:0,delete
FNDA:0,get
FNDA:0,getList
FNDA:0,update
FNDA:0,setDb
DA:5,0
DA:14,0
DA:19,0
DA:22,0
DA:23,0
DA:24,0
DA:25,0
DA:26,0
DA:27,0
DA:28,0
DA:29,0
DA:30,0
DA:31,0
DA:32,0
DA:33,0
DA:34,0
DA:35,0
DA:36,0
DA:37,0
DA:38,0
DA:41,0
DA:44,0
DA:50,0
DA:55,0
DA:57,0
DA:58,0
DA:60,0
DA:65,0
DA:67,0
DA:71,0
DA:74,0
DA:79,0
DA:81,0
DA:82,0
DA:83,0
DA:84,0
DA:85,0
DA:90,0
LF:38
LH:0
BRF:0
BRH:0
end_of_record
TN:
SF:/var/www/html/assos-symfony/src/Assos.php
FN:19,__construct
FN:25,hydrate
FN:40,getDescription
FN:41,getAddress
FN:42,getIdPage
FN:43,getAssosStatus
FN:45,getAdminParent
FN:46,getTypeParent
FN:47,getPhoneParent
FN:48,getNameParent
FN:49,getMailParent
FN:50,getStatusParent
FN:52,setId
FN:53,setIdPage
FN:54,setStatusAssos
FN:55,setAddress
FN:60,setDescription
FNF:17
FNH:0
FNDA:0,__construct
FNDA:0,hydrate
FNDA:0,getDescription
FNDA:0,getAddress
FNDA:0,getIdPage
FNDA:0,getAssosStatus
FNDA:0,getAdminParent
FNDA:0,getTypeParent
FNDA:0,getPhoneParent
FNDA:0,getNameParent
FNDA:0,getMailParent
FNDA:0,getStatusParent
FNDA:0,setId
FNDA:0,setIdPage
FNDA:0,setStatusAssos
FNDA:0,setAddress
FNDA:0,setDescription
DA:8,0
DA:21,0
DA:22,0
DA:30,0
DA:35,0
DA:40,0
DA:41,0
DA:42,0
DA:43,0
DA:45,0
DA:46,0
DA:47,0
DA:48,0
DA:49,0
DA:50,0
DA:52,0
DA:53,0
DA:54,0
DA:57,0
DA:62,0
LF:20
LH:0
BRF:0
BRH:0
end_of_record
TN:
SF:/var/www/html/assos-symfony/src/index.php
FNF:0
FNH:0
DA:2,0
DA:9,0
DA:10,0
DA:28,0
DA:30,0
DA:31,0
DA:32,0
LF:7
LH:0
BRF:0
BRH:0
end_of_record
TN:
SF:/var/www/html/assos-symfony/src/Exceptions.php
FN:9,getMessages
FN:17,getMessages
FN:24,getMessages
FN:32,getMessages
FNF:4
FNH:0
FNDA:0,getMessages
FNDA:0,getMessages
FNDA:0,getMessages
FNDA:0,getMessages
DA:10,0
DA:18,0
DA:25,0
DA:33,0
LF:4
LH:0
BRF:0
BRH:0
end_of_record
